2017-05-02 21:00:39,976:INFO:discord.client: on_ready has successfully been registered as an event
2017-05-02 21:00:39,977:INFO:discord.client: on_message has successfully been registered as an event
2017-05-02 21:00:39,979:INFO:discord.client: logging in using static token
2017-05-02 21:00:40,508:DEBUG:discord.http: GET https://discordapp.com/api/v6/users/@me with None has returned 200
2017-05-02 21:00:40,508:DEBUG:discord.http: GET https://discordapp.com/api/v6/users/@me has received {'verified': True, 'id': '309012689236131840', 'username': 'Scaramouche', 'email': None, 'avatar': '5f24bfb8b3360656c9fa82eb699d74b5', 'discriminator': '4630', 'bot': True, 'mfa_enabled': True}
2017-05-02 21:00:40,537:DEBUG:discord.http: GET https://discordapp.com/api/v6/gateway with None has returned 200
2017-05-02 21:00:40,537:DEBUG:discord.http: GET https://discordapp.com/api/v6/gateway has received {'url': 'wss://gateway.discord.gg'}
2017-05-02 21:00:40,996:INFO:discord.gateway: Created websocket connected to wss://gateway.discord.gg?encoding=json&v=6
2017-05-02 21:00:40,997:DEBUG:discord.client: Dispatching event socket_raw_receive
2017-05-02 21:00:40,997:DEBUG:discord.gateway: WebSocket Event: {'d': {'heartbeat_interval': 41250, '_trace': ['discord-gateway-prd-1-9']}, 't': None, 's': None, 'op': 10}
2017-05-02 21:00:40,997:DEBUG:discord.client: Dispatching event socket_response
2017-05-02 21:00:40,998:INFO:discord.gateway: sent the identify payload to create the websocket
2017-05-02 21:00:41,137:DEBUG:discord.client: Dispatching event socket_raw_receive
2017-05-02 21:00:41,137:DEBUG:discord.gateway: WebSocket Event: {'d': {'user': {'verified': True, 'bot': True, 'username': 'Scaramouche', 'email': None, 'avatar': '5f24bfb8b3360656c9fa82eb699d74b5', 'discriminator': '4630', 'id': '309012689236131840', 'mfa_enabled': True}, 'session_id': '22fe4c121bae421bb7dd914ad15c0c2a', 'v': 6, 'private_channels': [], 'user_settings': {}, 'guilds': [{'id': '290947155563380737', 'unavailable': True}], '_trace': ['discord-gateway-prd-1-9', 'discord-sessions-prd-1-8'], 'presences': [], 'relationships': []}, 't': 'READY', 's': 1, 'op': 0}
2017-05-02 21:00:41,138:DEBUG:discord.client: Dispatching event socket_response
2017-05-02 21:00:41,139:DEBUG:discord.client: Dispatching event socket_raw_receive
2017-05-02 21:00:41,140:DEBUG:discord.gateway: WebSocket Event: {'d': {'region': 'us-west', 'name': "Bitl's Private Server", 'features': [], 'large': False, 'splash': None, 'id': '290947155563380737', 'afk_channel_id': None, 'icon': '01306f3b61e3c00836e670aad4b40512', 'verification_level': 2, 'roles': [{'name': '@everyone', 'id': '290947155563380737', 'permissions': 104324161, 'managed': False, 'color': 0, 'position': 0, 'hoist': False, 'mentionable': False}, {'name': 'staff', 'id': '290948496645947394', 'permissions': 536345687, 'managed': False, 'color': 14988288, 'position': 3, 'hoist': True, 'mentionable': False}, {'name': 'owner', 'id': '290948540782608385', 'permissions': 536345727, 'managed': False, 'color': 14103594, 'position': 4, 'hoist': True, 'mentionable': False}, {'name': 'NotSoBot', 'id': '298894592345112577', 'permissions': 8, 'managed': True, 'color': 0, 'position': 1, 'hoist': False, 'mentionable': False}, {'name': 'Pizza Delivery Boi', 'id': '299353088467271680', 'permissions': 104324161, 'managed': False, 'color': 14051342, 'position': 2, 'hoist': False, 'mentionable': False}], 'channels': [{'last_pin_timestamp': '2017-04-07T21:00:25.693738+00:00', 'last_message_id': '309177282117763075', 'name': 'general', 'type': 0, 'topic': None, 'permission_overwrites': [], 'position': 0, 'id': '290947155563380737'}, {'user_limit': 0, 'id': '290947155563380738', 'bitrate': 64000, 'name': 'General', 'type': 2, 'permission_overwrites': [], 'position': 0}, {'last_message_id': '300013180367667210', 'name': 'firefight', 'type': 0, 'topic': None, 'permission_overwrites': [], 'position': 3, 'id': '290947709345726466'}, {'last_message_id': None, 'name': 'ziocronica', 'type': 0, 'topic': None, 'permission_overwrites': [], 'position': 6, 'id': '290947757558988800'}, {'last_message_id': None, 'name': 'smod3', 'type': 0, 'topic': None, 'permission_overwrites': [], 'position': 4, 'id': '290947782477348874'}, {'last_message_id': None, 'name': 'knibots', 'type': 0, 'topic': None, 'permission_overwrites': [], 'position': 7, 'id': '290947815968997378'}, {'last_message_id': '294836492193366017', 'name': 'project-black', 'type': 0, 'topic': None, 'permission_overwrites': [], 'position': 5, 'id': '290948258384183296'}, {'last_message_id': None, 'name': 'brickbat-model-viewer', 'type': 0, 'topic': None, 'permission_overwrites': [], 'position': 8, 'id': '290948345978159104'}, {'last_message_id': '298976008181121024', 'name': 'staff', 'type': 0, 'topic': None, 'permission_overwrites': [{'id': '290947155563380737', 'deny': 1024, 'allow': 0, 'type': 'role'}, {'id': '290948496645947394', 'deny': 0, 'allow': 1024, 'type': 'role'}, {'id': '290948540782608385', 'deny': 0, 'allow': 1024, 'type': 'role'}], 'position': 1, 'id': '290949124063232000'}], 'application_id': None, 'members': [{'user': {'id': '78191146135719936', 'discriminator': '5941', 'username': "TheScat'", 'avatar': '42b085c2aac744dd09dead8a050298e5'}, 'roles': [], 'joined_at': '2017-04-17T19:21:47.675158+00:00', 'deaf': False, 'mute': False}, {'user': {'id': '155490400767967233', 'discriminator': '3721', 'username': 'Slartibarty', 'avatar': 'eab6f4396273a0ff6b34d759a2f4d046'}, 'roles': [], 'joined_at': '2017-04-04T17:27:53.492738+00:00', 'deaf': False, 'mute': False}, {'roles': ['290948496645947394'], 'nick': None, 'deaf': False, 'user': {'id': '155701596590702593', 'discriminator': '2248', 'username': 'Real Beb', 'avatar': '43e56d0fd8d4de8c258b603db7af3f73'}, 'mute': False, 'joined_at': '2017-03-31T19:33:18.386000+00:00'}, {'roles': ['298894592345112577'], 'nick': None, 'deaf': False, 'user': {'avatar': '19ff683c7f255b62c21d9f33be9e97c6', 'id': '170903342199865344', 'discriminator': '0997', 'username': 'NotSoBot', 'bot': True}, 'mute': False, 'joined_at': '2017-04-04T19:00:24.070091+00:00'}, {'user': {'id': '179739453252698112', 'discriminator': '2281', 'username': 'LeonelC', 'avatar': '2606e3e2f8d5feb767662893e57ded65'}, 'roles': [], 'joined_at': '2017-04-04T17:27:47.048800+00:00', 'deaf': False, 'mute': False}, {'user': {'id': '181861696061571072', 'discriminator': '1630', 'username': 'Theuaredead`', 'avatar': '005f4ef0674c1ee6ee4cafad5f93b8c7'}, 'roles': ['290948496645947394'], 'joined_at': '2017-03-13T20:52:05.295000+00:00', 'deaf': False, 'mute': False}, {'user': {'id': '184013824850919425', 'discriminator': '3305', 'username': 'Bitl', 'avatar': '7256e22085ed09397adf4e2aed455563'}, 'roles': ['290948540782608385'], 'joined_at': '2017-03-13T20:40:07.451000+00:00', 'deaf': False, 'mute': False}, {'user': {'id': '226090546031099904', 'discriminator': '1398', 'username': 'Certainly Syrix', 'avatar': '2caf31a35692a5671c22dd69c8d66e3b'}, 'roles': [], 'joined_at': '2017-03-13T20:53:09.650000+00:00', 'deaf': False, 'mute': False}, {'roles': ['299353088467271680'], 'nick': None, 'deaf': False, 'user': {'avatar': '72fb1d4e8af6acad7280aaab84c4bcc2', 'id': '242202126216855554', 'discriminator': '2644', 'username': 'Discord Pizza', 'bot': True}, 'mute': False, 'joined_at': '2017-04-06T01:21:51.522294+00:00'}, {'user': {'avatar': '5f24bfb8b3360656c9fa82eb699d74b5', 'id': '309012689236131840', 'discriminator': '4630', 'username': 'Scaramouche', 'bot': True}, 'roles': [], 'joined_at': '2017-05-02T17:15:29.459597+00:00', 'deaf': False, 'mute': False}], 'presences': [{'user': {'id': '78191146135719936'}, 'game': None, 'status': 'online'}, {'user': {'id': '155701596590702593'}, 'game': None, 'status': 'dnd'}, {'user': {'id': '170903342199865344'}, 'game': {'name': 'https://ropestore.org'}, 'status': 'online'}, {'user': {'id': '179739453252698112'}, 'game': None, 'status': 'online'}, {'user': {'id': '184013824850919425'}, 'game': None, 'status': 'online'}, {'user': {'id': '242202126216855554'}, 'game': {'name': 'with a pizza box to 3073 servers | (>help'}, 'status': 'online'}, {'user': {'id': '309012689236131840'}, 'game': {'name': 'Borderlands 2'}, 'status': 'online'}], 'owner_id': '184013824850919425', 'voice_states': [], 'joined_at': '2017-05-02T17:15:29.459597+00:00', 'emojis': [], 'unavailable': False, 'default_message_notifications': 1, 'mfa_level': 0, 'member_count': 10, 'afk_timeout': 300, 'explicit_content_filter': 0}, 't': 'GUILD_CREATE', 's': 2, 'op': 0}
2017-05-02 21:00:41,140:DEBUG:discord.client: Dispatching event socket_response
2017-05-02 21:00:41,141:DEBUG:discord.client: Dispatching event server_available
2017-05-02 21:00:43,141:DEBUG:discord.client: Dispatching event ready
2017-05-02 21:00:43,146:DEBUG:discord.gateway: Sending "{"d":{"since":0.0,"afk":false,"game":{"name":"ElDewrito"},"status":"online"},"op":3}" to change status
2017-05-02 21:00:43,146:DEBUG:discord.client: Dispatching event socket_raw_send
2017-05-02 21:00:43,447:DEBUG:discord.client: Dispatching event socket_raw_receive
2017-05-02 21:00:43,447:DEBUG:discord.gateway: WebSocket Event: {'d': {'user_id': '184013824850919425', 'timestamp': 1493784047, 'channel_id': '290947155563380737'}, 't': 'TYPING_START', 's': 3, 'op': 0}
2017-05-02 21:00:43,448:DEBUG:discord.client: Dispatching event socket_response
2017-05-02 21:00:43,448:DEBUG:discord.client: Dispatching event typing
2017-05-02 21:00:46,897:DEBUG:discord.client: Dispatching event socket_raw_receive
2017-05-02 21:00:46,897:DEBUG:discord.gateway: WebSocket Event: {'d': {'edited_timestamp': None, 'author': {'id': '184013824850919425', 'discriminator': '3305', 'username': 'Bitl', 'avatar': '7256e22085ed09397adf4e2aed455563'}, 'mention_everyone': False, 'pinned': False, 'tts': False, 'timestamp': '2017-05-03T04:00:50.847000+00:00', 'content': 'ping', 'nonce': '315348239555493888', 'embeds': [], 'mention_roles': [], 'mentions': [], 'id': '309177460602306560', 'channel_id': '290947155563380737', 'type': 0, 'attachments': []}, 't': 'MESSAGE_CREATE', 's': 4, 'op': 0}
2017-05-02 21:00:46,898:DEBUG:discord.client: Dispatching event socket_response
2017-05-02 21:00:46,898:DEBUG:discord.client: Dispatching event message
2017-05-02 21:00:47,040:DEBUG:discord.http: POST https://discordapp.com/api/v6/channels/290947155563380737/typing with None has returned 204
2017-05-02 21:00:47,040:DEBUG:discord.http: POST https://discordapp.com/api/v6/channels/290947155563380737/typing has received 
2017-05-02 21:00:47,041:DEBUG:discord.client: Dispatching event socket_raw_receive
2017-05-02 21:00:47,042:DEBUG:discord.gateway: WebSocket Event: {'d': {'user_id': '309012689236131840', 'timestamp': 1493784051, 'channel_id': '290947155563380737'}, 't': 'TYPING_START', 's': 5, 'op': 0}
2017-05-02 21:00:47,042:DEBUG:discord.client: Dispatching event socket_response
2017-05-02 21:00:47,042:DEBUG:discord.client: Dispatching event typing
2017-05-02 21:00:48,734:DEBUG:discord.http: POST https://discordapp.com/api/v6/channels/290947155563380737/messages with {"content":"Pong!"} has returned 200
2017-05-02 21:00:48,735:DEBUG:discord.http: POST https://discordapp.com/api/v6/channels/290947155563380737/messages has received {'edited_timestamp': None, 'author': {'avatar': '5f24bfb8b3360656c9fa82eb699d74b5', 'id': '309012689236131840', 'discriminator': '4630', 'username': 'Scaramouche', 'bot': True}, 'mention_everyone': False, 'pinned': False, 'embeds': [], 'timestamp': '2017-05-03T04:00:52.691000+00:00', 'content': 'Pong!', 'nonce': None, 'tts': False, 'mention_roles': [], 'mentions': [], 'id': '309177468336734228', 'channel_id': '290947155563380737', 'type': 0, 'attachments': []}
2017-05-02 21:00:48,736:DEBUG:discord.client: Dispatching event socket_raw_receive
2017-05-02 21:00:48,736:DEBUG:discord.gateway: WebSocket Event: {'d': {'edited_timestamp': None, 'author': {'avatar': '5f24bfb8b3360656c9fa82eb699d74b5', 'id': '309012689236131840', 'discriminator': '4630', 'username': 'Scaramouche', 'bot': True}, 'mention_everyone': False, 'pinned': False, 'tts': False, 'timestamp': '2017-05-03T04:00:52.691000+00:00', 'content': 'Pong!', 'nonce': None, 'embeds': [], 'mention_roles': [], 'mentions': [], 'id': '309177468336734228', 'channel_id': '290947155563380737', 'type': 0, 'attachments': []}, 't': 'MESSAGE_CREATE', 's': 6, 'op': 0}
2017-05-02 21:00:48,736:DEBUG:discord.client: Dispatching event socket_response
2017-05-02 21:00:48,736:DEBUG:discord.client: Dispatching event message
